0
2618
20
291
2
Done initializing, starting training.
1
2
3
4
5
6
7
8
9
10
11
12
13
14
15
16
17
18
19
20
21
Pretrain Epoch 0: 0.5355469, 0.4542969
running
running
Test_prelosses: [0.6171875, 0.5546875], Test_postlosses: [0.6953125, 0.6484375]
Validation results: 0.5859375, 0.671875
22
23
24
25
26
27
28
29
30
31
32
33
34
35
36
37
38
39
40
41
42
Pretrain Epoch 1: 0.5578125, 0.46054688
running
running
Test_prelosses: [0.6171875, 0.5546875], Test_postlosses: [0.484375, 0.46875]
Validation results: 0.5859375, 0.4765625
43
44
45
46
47
48
49
50
51
52
53
54
55
56
57
58
59
60
61
62
63
Pretrain Epoch 2: 0.5570313, 0.5054687
running
running
Test_prelosses: [0.6171875, 0.5546875], Test_postlosses: [0.4765625, 0.46875]
Validation results: 0.5859375, 0.47265625
64
65
66
67
68
69
70
71
72
73
74
75
76
77
78
79
80
81
82
83
84
Pretrain Epoch 3: 0.5578125, 0.48984376
running
running
Test_prelosses: [0.5546875, 0.6171875], Test_postlosses: [0.5, 0.46875]
Validation results: 0.5859375, 0.484375
85
86
87
88
89
90
91
92
93
94
95
96
97
98
99
100
101
102
103
104
105
Pretrain Epoch 4: 0.5578125, 0.47070312
running
running
Test_prelosses: [0.6171875, 0.5546875], Test_postlosses: [0.6953125, 0.6484375]
Validation results: 0.5859375, 0.671875
106
107
108
109
110
111
112
113
114
115
116
117
118
119
120
121
122
123
124
125
126
Pretrain Epoch 5: 0.5578125, 0.47734374
running
running
Test_prelosses: [0.6171875, 0.5546875], Test_postlosses: [0.6953125, 0.6484375]
Validation results: 0.5859375, 0.671875
127
128
129
130
131
132
133
134
135
136
137
138
139
140
141
142
143
144
145
146
147
Pretrain Epoch 6: 0.5578125, 0.465625
running
running
Test_prelosses: [0.5546875, 0.6171875], Test_postlosses: [0.6484375, 0.6953125]
Validation results: 0.5859375, 0.671875
148
149
150
151
152
153
154
155
156
157
158
159
160
161
162
163
164
165
166
167
168
Pretrain Epoch 7: 0.5578125, 0.47226563
running
running
Test_prelosses: [0.6171875, 0.5546875], Test_postlosses: [0.4609375, 0.4765625]
Validation results: 0.5859375, 0.46875
169
170
171
172
173
174
175
176
177
178
179
180
181
182
183
184
185
186
187
188
189
Pretrain Epoch 8: 0.5578125, 0.48515624
running
running
Test_prelosses: [0.5546875, 0.6171875], Test_postlosses: [0.4765625, 0.4609375]
Validation results: 0.5859375, 0.46875
190
191
192
193
194
195
196
197
198
199
200
201
202
203
204
205
206
207
208
209
210
Pretrain Epoch 9: 0.5578125, 0.47226563
running
running
Test_prelosses: [0.6171875, 0.5546875], Test_postlosses: [0.703125, 0.6484375]
Validation results: 0.5859375, 0.67578125
211
212
213
214
215
216
217
218
219
220
221
222
223
224
225
226
227
228
229
230
231
Pretrain Epoch 10: 0.5578125, 0.47382814
running
running
Test_prelosses: [0.6171875, 0.5546875], Test_postlosses: [0.6953125, 0.6484375]
Validation results: 0.5859375, 0.671875
232
233
234
235
236
237
238
239
240
241
242
243
244
245
246
247
248
249
250
251
252
Pretrain Epoch 11: 0.5578125, 0.4625
running
running
Test_prelosses: [0.6171875, 0.5546875], Test_postlosses: [0.4609375, 0.4765625]
Validation results: 0.5859375, 0.46875
253
254
255
256
257
258
259
260
261
