3
2256
17
251
1
Done initializing, starting training.
1
2
3
4
5
6
7
8
9
10
11
12
13
14
15
16
17
18
Pretrain Epoch 0: 0.6181066, 0.50827205
running
Test_prelosses: [0.7578125], Test_postlosses: [0.75]
Validation results: 0.7578125, 0.75
19
20
21
22
23
24
25
26
27
28
29
30
31
32
33
34
35
36
Pretrain Epoch 1: 0.6544118, 0.47840074
running
Test_prelosses: [0.7578125], Test_postlosses: [0.75]
Validation results: 0.7578125, 0.75
37
38
39
40
41
42
43
44
45
46
47
48
49
50
51
52
53
54
Pretrain Epoch 2: 0.6544118, 0.53860295
running
Test_prelosses: [0.7578125], Test_postlosses: [0.7578125]
Validation results: 0.7578125, 0.7578125
55
56
57
58
59
60
61
62
63
64
65
66
67
68
69
70
71
72
Pretrain Epoch 3: 0.6544118, 0.50827205
running
Test_prelosses: [0.7578125], Test_postlosses: [0.7578125]
Validation results: 0.7578125, 0.7578125
73
74
75
76
77
78
79
80
81
82
83
84
85
86
87
88
89
90
Pretrain Epoch 4: 0.6544118, 0.5202206
running
Test_prelosses: [0.7578125], Test_postlosses: [0.7578125]
Validation results: 0.7578125, 0.7578125
91
92
93
94
95
96
97
98
99
100
101
102
103
104
105
106
107
108
Pretrain Epoch 5: 0.6544118, 0.55514705
running
Test_prelosses: [0.7578125], Test_postlosses: [0.7578125]
Validation results: 0.7578125, 0.7578125
109
110
111
112
113
114
115
116
117
118
119
120
121
122
123
124
125
126
Pretrain Epoch 6: 0.6544118, 0.5579044
running
Test_prelosses: [0.7578125], Test_postlosses: [0.7578125]
Validation results: 0.7578125, 0.7578125
127
128
129
130
131
132
133
134
135
136
137
138
139
140
141
142
143
144
Pretrain Epoch 7: 0.6544118, 0.53952205
running
Test_prelosses: [0.7578125], Test_postlosses: [0.7578125]
Validation results: 0.7578125, 0.7578125
145
146
147
148
149
150
151
152
153
154
155
156
157
158
159
160
161
162
Pretrain Epoch 8: 0.6544118, 0.5730699
running
Test_prelosses: [0.7578125], Test_postlosses: [0.7578125]
Validation results: 0.7578125, 0.7578125
163
164
165
166
167
168
169
170
171
172
173
174
175
176
177
178
179
180
Pretrain Epoch 9: 0.6544118, 0.5243566
running
Test_prelosses: [0.7578125], Test_postlosses: [0.7578125]
Validation results: 0.7578125, 0.7578125
181
182
183
184
185
186
187
188
189
190
191
192
193
194
195
196
197
198
Pretrain Epoch 10: 0.6544118, 0.54044116
running
Test_prelosses: [0.7578125], Test_postlosses: [0.7578125]
Validation results: 0.7578125, 0.7578125
199
200
201
202
203
204
205
206
207
208
209
210
211
212
213
214
215
216
Pretrain Epoch 11: 0.6544118, 0.5592831
running
Test_prelosses: [0.7578125], Test_postlosses: [0.7578125]
Validation results: 0.7578125, 0.7578125
217
218
219
220
221
222
223
224
225
226
227
228
229
230
231
232
233
234
Pretrain Epoch 12: 0.6544118, 0.5358456
running
Test_prelosses: [0.7578125], Test_postlosses: [0.7578125]
Validation results: 0.7578125, 0.7578125
235
236
237
238
239
240
241
242
243
244
245
246
247
248
249
250
251
252
Pretrain Epoch 13: 0.6544118, 0.5284926
running
Test_prelosses: [0.7578125], Test_postlosses: [0.7578125]
Validation results: 0.7578125, 0.7578125
253
254
255
256
257
258
259
260
261
262
263
264
265
266
267
268
269
270
Pretrain Epoch 14: 0.6544118, 0.5294118
running
Test_prelosses: [0.7578125], Test_postlosses: [0.7578125]
Validation results: 0.7578125, 0.7578125
271
272
273
274
275
276
277
278
279
280
281
282
283
284
285
