0
2618
20
291
2
Done initializing, starting training.
1
2
3
4
5
6
7
8
9
10
11
12
13
14
15
16
17
18
19
20
21
Epoch 0: 0.50859374, 0.50742185
running
running
Test_prelosses: [0.578125, 0.609375], Test_postlosses: [0.6640625, 0.7109375]
Validation results: 0.59375, 0.6875
22
23
24
25
26
27
28
29
30
31
32
33
34
35
36
37
38
39
40
41
42
Epoch 1: 0.559375, 0.51875
running
running
Test_prelosses: [0.609375, 0.578125], Test_postlosses: [0.515625, 0.5625]
Validation results: 0.59375, 0.5390625
43
44
45
46
47
48
49
50
51
52
53
54
55
56
57
58
59
60
61
62
63
Epoch 2: 0.559375, 0.52617186
running
running
Test_prelosses: [0.609375, 0.578125], Test_postlosses: [0.515625, 0.5625]
Validation results: 0.59375, 0.5390625
64
65
66
67
68
69
70
71
72
73
74
75
76
77
78
79
80
81
82
83
84
Epoch 3: 0.559375, 0.5324219
running
running
Test_prelosses: [0.578125, 0.609375], Test_postlosses: [0.5625, 0.515625]
Validation results: 0.59375, 0.5390625
85
86
87
88
89
90
91
92
93
94
95
96
97
98
99
100
101
102
103
104
105
Epoch 4: 0.559375, 0.521875
running
running
Test_prelosses: [0.578125, 0.609375], Test_postlosses: [0.5625, 0.515625]
Validation results: 0.59375, 0.5390625
106
107
108
109
110
111
112
113
114
115
116
117
118
119
120
121
122
123
124
125
126
Epoch 5: 0.559375, 0.5371094
running
running
Test_prelosses: [0.578125, 0.609375], Test_postlosses: [0.5625, 0.515625]
Validation results: 0.59375, 0.5390625
127
128
129
130
131
132
133
134
135
136
137
138
139
140
141
142
143
144
145
146
147
Epoch 6: 0.559375, 0.5125
running
running
Test_prelosses: [0.578125, 0.609375], Test_postlosses: [0.6640625, 0.7109375]
Validation results: 0.59375, 0.6875
148
149
150
151
152
153
154
155
156
157
158
159
160
161
162
163
164
165
166
167
168
Epoch 7: 0.559375, 0.5257813
running
running
Test_prelosses: [0.578125, 0.609375], Test_postlosses: [0.6640625, 0.703125]
Validation results: 0.59375, 0.68359375
169
170
171
172
173
174
175
176
177
178
179
180
181
182
183
184
185
186
187
188
189
Epoch 8: 0.559375, 0.51484376
running
running
Test_prelosses: [0.578125, 0.609375], Test_postlosses: [0.5625, 0.515625]
Validation results: 0.59375, 0.5390625
190
191
192
193
194
195
196
197
198
199
200
201
202
203
204
205
206
207
208
209
210
Epoch 9: 0.559375, 0.5289062
running
running
Test_prelosses: [0.609375, 0.578125], Test_postlosses: [0.7109375, 0.6640625]
Validation results: 0.59375, 0.6875
211
212
213
214
215
216
217
218
219
220
221
222
223
224
225
226
227
228
229
230
231
Epoch 10: 0.559375, 0.5203125
running
running
Test_prelosses: [0.609375, 0.578125], Test_postlosses: [0.7109375, 0.6640625]
Validation results: 0.59375, 0.6875
232
233
234
235
236
237
238
239
240
241
242
243
244
245
246
247
248
249
250
251
252
Epoch 11: 0.559375, 0.5234375
running
running
Test_prelosses: [0.609375, 0.578125], Test_postlosses: [0.515625, 0.5625]
Validation results: 0.59375, 0.5390625
253
254
255
256
257
258
259
260
261
262
263
264
265
266
267
268
269
270
271
272
273
Epoch 12: 0.559375, 0.5414063
running
running
Test_prelosses: [0.578125, 0.609375], Test_postlosses: [0.5625, 0.515625]
Validation results: 0.59375, 0.5390625
274
275
276
277
278
279
280
281
282
283
284
285
286
287
288
289
290
291
292
293
294
Epoch 13: 0.559375, 0.54609376
running
running
Test_prelosses: [0.578125, 0.609375], Test_postlosses: [0.640625, 0.6875]
Validation results: 0.59375, 0.6640625
295
296
297
298
299
300
301
302
303
304
305
306
307
308
309
310
311
312
313
314
315
Epoch 14: 0.559375, 0.53515625
running
running
Test_prelosses: [0.609375, 0.578125], Test_postlosses: [0.6875, 0.6484375]
Validation results: 0.59375, 0.66796875
316
317
318
319
320
321
322
323
324
325
326
327
328
329
330
331
332
333
334
335
336
Epoch 15: 0.559375, 0.5289062
running
running
Test_prelosses: [0.578125, 0.609375], Test_postlosses: [0.640625, 0.6875]
Validation results: 0.59375, 0.6640625
337
338
339
340
341
342
343
344
345
346
347
348
349
350
351
352
353
354
355
356
357
Epoch 16: 0.559375, 0.5371094
running
running
Test_prelosses: [0.609375, 0.578125], Test_postlosses: [0.6875, 0.640625]
Validation results: 0.59375, 0.6640625
358
359
360
361
362
363
364
365
366
367
368
369
370
371
372
373
374
375
376
377
378
Epoch 17: 0.559375, 0.5570313
running
running
Test_prelosses: [0.578125, 0.609375], Test_postlosses: [0.640625, 0.6875]
Validation results: 0.59375, 0.6640625
379
380
381
382
383
384
385
386
387
388
389
390
391
392
393
394
395
396
397
398
399
Epoch 18: 0.559375, 0.5484375
running
running
Test_prelosses: [0.578125, 0.609375], Test_postlosses: [0.640625, 0.6875]
Validation results: 0.59375, 0.6640625
400
401
402
403
404
405
406
407
408
409
410
411
412
413
414
415
416
417
418
419
420
Epoch 19: 0.559375, 0.53632814
running
running
Test_prelosses: [0.578125, 0.609375], Test_postlosses: [0.640625, 0.6875]
Validation results: 0.59375, 0.6640625
