3
2256
17
251
1
Done initializing, starting training.
1
2
3
4
5
6
7
8
9
10
11
12
13
14
15
16
17
18
Epoch 0: 0.6415441, 0.6194853
running
Test_prelosses: [0.703125], Test_postlosses: [0.78125]
Validation results: 0.703125, 0.78125
19
20
21
22
23
24
25
26
27
28
29
30
31
32
33
34
35
36
Epoch 1: 0.65579045, 0.5960478
running
Test_prelosses: [0.703125], Test_postlosses: [0.7421875]
Validation results: 0.703125, 0.7421875
37
38
39
40
41
42
43
44
45
46
47
48
49
50
51
52
53
54
Epoch 2: 0.6544118, 0.620864
running
Test_prelosses: [0.703125], Test_postlosses: [0.734375]
Validation results: 0.703125, 0.734375
55
56
57
58
59
60
61
62
63
64
65
66
67
68
69
70
71
72
Epoch 3: 0.6544118, 0.6227022
running
Test_prelosses: [0.703125], Test_postlosses: [0.7421875]
Validation results: 0.703125, 0.7421875
73
74
75
76
77
78
79
80
81
82
83
84
85
86
87
88
89
90
Epoch 4: 0.6544118, 0.6484375
running
Test_prelosses: [0.703125], Test_postlosses: [0.7421875]
Validation results: 0.703125, 0.7421875
91
92
93
94
95
96
97
98
99
100
101
102
103
104
105
106
107
108
Epoch 5: 0.6544118, 0.6148897
running
Test_prelosses: [0.703125], Test_postlosses: [0.7421875]
Validation results: 0.703125, 0.7421875
109
110
111
112
113
114
115
116
117
118
119
120
121
122
123
124
125
126
Epoch 6: 0.6544118, 0.6066176
running
Test_prelosses: [0.703125], Test_postlosses: [0.734375]
Validation results: 0.703125, 0.734375
127
128
129
130
131
132
133
134
135
136
137
138
139
140
141
142
143
144
Epoch 7: 0.6544118, 0.62637866
running
Test_prelosses: [0.703125], Test_postlosses: [0.734375]
Validation results: 0.703125, 0.734375
145
146
147
148
149
150
151
152
153
154
155
156
157
158
159
160
161
162
Epoch 8: 0.6544118, 0.6222426
running
Test_prelosses: [0.703125], Test_postlosses: [0.734375]
Validation results: 0.703125, 0.734375
163
164
165
166
167
168
169
170
171
172
173
174
175
176
177
178
179
180
Epoch 9: 0.6544118, 0.6337316
running
Test_prelosses: [0.703125], Test_postlosses: [0.734375]
Validation results: 0.703125, 0.734375
181
182
183
184
185
186
187
188
189
190
191
192
193
194
195
196
197
198
Epoch 10: 0.6544118, 0.6227022
running
Test_prelosses: [0.703125], Test_postlosses: [0.734375]
Validation results: 0.703125, 0.734375
199
200
201
202
203
204
205
206
207
208
209
210
211
212
213
214
215
216
Epoch 11: 0.6544118, 0.63143384
running
Test_prelosses: [0.703125], Test_postlosses: [0.734375]
Validation results: 0.703125, 0.734375
217
218
219
220
221
222
223
224
225
226
227
228
229
230
231
232
233
234
Epoch 12: 0.6544118, 0.6213235
running
Test_prelosses: [0.703125], Test_postlosses: [0.734375]
Validation results: 0.703125, 0.734375
235
236
237
238
239
240
241
242
243
244
245
246
247
248
249
250
251
252
Epoch 13: 0.6544118, 0.6204044
running
Test_prelosses: [0.703125], Test_postlosses: [0.734375]
Validation results: 0.703125, 0.734375
253
254
255
256
257
258
259
260
261
262
263
264
265
266
267
268
269
270
Epoch 14: 0.6544118, 0.6351103
running
Test_prelosses: [0.703125], Test_postlosses: [0.734375]
Validation results: 0.703125, 0.734375
271
272
273
274
275
276
277
278
279
280
281
282
283
284
285
286
287
288
Epoch 15: 0.6544118, 0.62362134
running
Test_prelosses: [0.703125], Test_postlosses: [0.734375]
Validation results: 0.703125, 0.734375
289
290
291
292
293
294
295
296
297
298
299
300
301
302
303
304
305
306
Epoch 16: 0.6544118, 0.62454045
running
Test_prelosses: [0.703125], Test_postlosses: [0.734375]
Validation results: 0.703125, 0.734375
307
308
309
310
311
312
313
314
315
316
317
318
319
320
321
322
323
324
Epoch 17: 0.6544118, 0.6309743
running
Test_prelosses: [0.703125], Test_postlosses: [0.734375]
Validation results: 0.703125, 0.734375
325
326
327
328
329
330
331
332
333
334
335
336
337
338
339
340
341
342
Epoch 18: 0.6544118, 0.6438419
running
Test_prelosses: [0.703125], Test_postlosses: [0.734375]
Validation results: 0.703125, 0.734375
343
344
345
346
347
348
349
350
351
352
353
354
355
356
357
358
359
360
Epoch 19: 0.6544118, 0.63419116
running
Test_prelosses: [0.703125], Test_postlosses: [0.703125]
Validation results: 0.703125, 0.703125
